FlashPro
Version: 11.4.0.112
Release: v11.4

Software Version: 11.4.0.112
PDB file 'C:\Users\lstolz\Desktop\Follow
Me\FollowMe\followme_car\designer\impl1\followme_car_fp\followme_car.pdb' has been loaded
successfully.
DESIGN : followme_car;  CHECKSUM : 26B6;  PDB_VERSION : 1.8
Driver : 3.0.0 build 1
programmer '79178' : FlashPro3
Opened 'C:/Users/lstolz/Desktop/Follow
Me/FollowMe/followme_car/designer/impl1/followme_car_fp/followme_car.pro'
The 'open_project' command succeeded.
The 'set_programming_file' command succeeded.
The 'set_device_type' command succeeded.
The 'set_device_package' command succeeded.
Info: Adding Flash Memory data from file C:\Users\lstolz\Desktop\Follow
      Me\FollowMe\followme_car\component\work\followme_car_MSS\MSS_ENVM_0\MSS_ENVM_0.efc.
Info: Adding FPGA Array data from file C:\Users\lstolz\Desktop\Follow
      Me\FollowMe\followme_car\designer\impl1\followme_car.fdb.
PDB file 'C:\Users\lstolz\Desktop\Follow
Me\FollowMe\followme_car\designer\impl1\followme_car_fp\followme_car.pdb' has been loaded
successfully.
DESIGN : followme_car;  CHECKSUM : 26B6;  PDB_VERSION : 1.8
The 'update_programming_file' command succeeded.
The 'set_programming_action' command succeeded.
programmer '79178' : Scan Chain...
Warning: programmer '79178' : Vpump has been selected on programmer AND an externally provided
         Vpump has also been detected. Using externally provided Vpump voltage source.
programmer '79178' : Scan Chain PASSED.
programmer '79178' : Executing action PROGRAM
programmer '79178' : EXPORT FSN[48] = 0114ab5c4478
programmer '79178' : Erase ...
programmer '79178' : Completed erase
programmer '79178' : EXPORT CHECKSUM: [16] = 26b6
programmer '79178' : Programming FPGA Array
programmer '79178' : Verifying FPGA Array
programmer '79178' :         Verifying FPGA Array -- pass
programmer '79178' : Program System Init and Boot Clients...
programmer '79178' : Verify System Init and Boot Clients...
programmer '79178' : Finished: Sun Mar 29 15:55:10 2015 (Elapsed time 00:00:36)
programmer '79178' : Executing action PROGRAM PASSED.

                        o - o - o - o - o - o

The 'run_selected_actions' command succeeded.
Project saved.
The 'save_project' command succeeded.
Project closed.
