
Starting:    C:\Microsemi\Libero_v11.4\Synopsys\synplify_I201309MSP1-1\win64\mbin\synbatch.exe
Install:     C:\Microsemi\Libero_v11.4\Synopsys\synplify_I201309MSP1-1
Date:        Sun Mar 29 15:51:33 2015
Version:     I-2013.09M-SP1-1 

Arguments:   -product synplify_pro  -licensetype synplifypro_actel -batch -log synplify.log followme_car_syn.tcl
ProductType: synplify_pro

License checkout: synplifypro_actel
License: synplifypro_actel node-locked 
Licensed Vendor: actel
License Option: actel_oem

Running in Vendor Mode



auto_infer_blackbox is not supported in current product.


log file: "C:\Users\lstolz\Desktop\Follow Me\FollowMe\followme_car\synthesis\followme_car.srr"





Running followme_car_syn|synthesis


Running: Compile on followme_car_syn|synthesis


Running: Compile Process on followme_car_syn|synthesis


Running: Compile Input on followme_car_syn|synthesis

Copied C:\Users\lstolz\Desktop\Follow Me\FollowMe\followme_car\synthesis\synwork\followme_car_comp.srs to C:\Users\lstolz\Desktop\Follow Me\FollowMe\followme_car\synthesis\followme_car.srs

compiler Completed with warnings
Return Code: 1
Run Time:0h:00m:02s


Complete: Compile Process on followme_car_syn|synthesis


Running: Pre-mapping on followme_car_syn|synthesis

premap Completed
Return Code: 0
Run Time:0h:00m:05s


Complete: Compile on followme_car_syn|synthesis


Running: Map on followme_car_syn|synthesis


Running: Map & Optimize on followme_car_syn|synthesis

fpga_mapper Completed with warnings
Return Code: 1
Run Time:0h:00m:38s


Complete: Map on followme_car_syn|synthesis

Complete: Logic Synthesis on followme_car_syn|synthesis

TCL script complete: "followme_car_syn.tcl"

exit status=0


exit status=0


License checkin: synplifypro_actel

