Microsemi Libero Software
Version: 11.4.0.112
Release: v11.4

Info: The design followme_car.adb was last modified by software version 11.4.0.112.
Opened an existing Libero design followme_car.adb.
'BA_NAME' set to 'followme_car_ba'
'IDE_DESIGNERVIEW_NAME' set to 'Impl1'
'IDE_DESIGNERVIEW_COUNT' set to '1'
'IDE_DESIGNERVIEW_REV0' set to 'Impl1'
'IDE_DESIGNERVIEW_REVNUM0' set to '1'
'IDE_DESIGNERVIEW_ROOTDIR' set to 'C:\Users\owenyang\Desktop\FollowMe\followme_car\designer'
'IDE_DESIGNERVIEW_LASTREV' set to '1'
Wrote timing report to file: followme_car_maxdelay_timing_report.txt

The Report command succeeded ( 00:00:03 )
Wrote timing report to file: followme_car_mindelay_timing_report.txt

The Report command succeeded ( 00:00:00 )
Wrote timing_violations report to file: followme_car_maxdelay_timingviolations_report.txt

The Report command succeeded ( 00:00:00 )
Wrote timing_violations report to file: followme_car_mindelay_timingviolations_report.txt

The Report command succeeded ( 00:00:00 )
Design saved to file
C:\Users\owenyang\Desktop\FollowMe\followme_car\designer\impl1\followme_car.adb.

The Execute Script command succeeded ( 00:00:05 )
Design closed.

